proguard/seeds.txt
com.orong.OrongApplication
com.orong.OrongApplication: OrongApplication()
com.orong.R$color: int blue
com.orong.R$color: int blue_center
com.orong.R$color: int blue_end
com.orong.R$color: int blue_start
com.orong.R$color: int colorhint
com.orong.R$color: int cor1
com.orong.R$color: int cor2
com.orong.R$color: int cor4
com.orong.R$color: int cor5
com.orong.R$color: int cor6
com.orong.R$color: int cor7
com.orong.R$color: int cor8
com.orong.R$color: int green
com.orong.R$color: int green_center
com.orong.R$color: int green_end
com.orong.R$color: int green_start
com.orong.R$color: int light_gray
com.orong.R$color: int linecolor
com.orong.R$color: int linkblue
com.orong.R$color: int possible_result_points
com.orong.R$color: int red1
com.orong.R$color: int result_view
com.orong.R$color: int shape_end
com.orong.R$color: int shape_start
com.orong.R$color: int textcolor
com.orong.R$color: int viewfinder_frame
com.orong.R$color: int viewfinder_laser
com.orong.R$color: int viewfinder_mask
com.orong.R$color: int white
com.orong.R$color: int white2
com.orong.R$dimen: int activity_horizontal_margin
com.orong.R$dimen: int activity_vertical_margin
com.orong.R$dimen: int contract
com.orong.R$dimen: int f13
com.orong.R$dimen: int f16
com.orong.R$dimen: int f18
com.orong.R$dimen: int f21
com.orong.R$dimen: int f24
com.orong.R$dimen: int f26
com.orong.R$dimen: int investment_chekbox_pandding
com.orong.R$dimen: int pad1
com.orong.R$dimen: int pad12
com.orong.R$dimen: int pad15
com.orong.R$dimen: int pad20
com.orong.R$dimen: int pad3
com.orong.R$dimen: int pad4
com.orong.R$dimen: int pad9
com.orong.R$dimen: int spa10
com.orong.R$dimen: int spa100
com.orong.R$dimen: int spa120
com.orong.R$dimen: int spa15
com.orong.R$dimen: int spa150
com.orong.R$dimen: int spa18
com.orong.R$dimen: int spa180
com.orong.R$dimen: int spa22
com.orong.R$dimen: int spa3
com.orong.R$dimen: int spa33
com.orong.R$dimen: int spa390
com.orong.R$dimen: int spa48
com.orong.R$dimen: int spa60
com.orong.R$dimen: int spa600
com.orong.R$dimen: int spa66
com.orong.R$dimen: int spa68
com.orong.R$dimen: int spa72
com.orong.R$dimen: int spa74
com.orong.R$dimen: int spa78
com.orong.R$dimen: int spa82
com.orong.R$dimen: int spa90
com.orong.R$drawable: int account
com.orong.R$drawable: int back
com.orong.R$drawable: int blue_button_background_selector
com.orong.R$drawable: int blue_pressed_rounded_rectangle
com.orong.R$drawable: int blue_rounded_rectangle
com.orong.R$drawable: int checkbox_backgound_selector
com.orong.R$drawable: int circlebackgound
com.orong.R$drawable: int color_progessbar
com.orong.R$drawable: int cor6_rounded_rectangle
com.orong.R$drawable: int cor7_rounded_rectangle
com.orong.R$drawable: int cor8_top_rounded_rectangle
com.orong.R$drawable: int corner_round
com.orong.R$drawable: int custom_seekbar
com.orong.R$drawable: int dimensional
com.orong.R$drawable: int divide
com.orong.R$drawable: int dotted_line
com.orong.R$drawable: int green_above_rounded_rectangle
com.orong.R$drawable: int green_buttom_round
com.orong.R$drawable: int green_button_background_selector
com.orong.R$drawable: int green_preesed_right_round
com.orong.R$drawable: int green_pressed_rounded_rectangle
com.orong.R$drawable: int green_right_round
com.orong.R$drawable: int green_rounded_rectangle
com.orong.R$drawable: int green_top_round
com.orong.R$drawable: int home
com.orong.R$drawable: int icon
com.orong.R$drawable: int invested_deputy
com.orong.R$drawable: int investment
com.orong.R$drawable: int left_button_background_selector
com.orong.R$drawable: int listitem_arrow
com.orong.R$drawable: int more
com.orong.R$drawable: int navy_blue_shape
...
android.support.v4.content.ModernAsyncTask$Status: android.support.v4.content.ModernAsyncTask$Status[] values()
android.support.v4.content.ModernAsyncTask$Status: android.support.v4.content.ModernAsyncTask$Status valueOf(java.lang.String)
android.support.v4.view.PagerTabStrip
android.support.v4.view.PagerTabStrip: PagerTabStrip(android.content.Context,android.util.AttributeSet)
android.support.v4.view.PagerTabStrip: void setTabIndicatorColor(int)
android.support.v4.view.PagerTabStrip: void setTabIndicatorColorResource(int)
android.support.v4.view.PagerTabStrip: int getTabIndicatorColor()
android.support.v4.view.PagerTabStrip: void setTextSpacing(int)
android.support.v4.view.PagerTabStrip: void setBackgroundDrawable(android.graphics.drawable.Drawable)
android.support.v4.view.PagerTabStrip: void setBackgroundColor(int)
android.support.v4.view.PagerTabStrip: void setBackgroundResource(int)
android.support.v4.view.PagerTabStrip: void setDrawFullUnderline(boolean)
android.support.v4.view.PagerTabStrip: boolean getDrawFullUnderline()
android.support.v4.view.PagerTabStrip: int getMinHeight()
android.support.v4.view.PagerTitleStrip
android.support.v4.view.PagerTitleStrip: void setSingleLineAllCaps(android.widget.TextView)
android.support.v4.view.PagerTitleStrip: PagerTitleStrip(android.content.Context,android.util.AttributeSet)
android.support.v4.view.PagerTitleStrip: void setTextSpacing(int)
android.support.v4.view.PagerTitleStrip: int getTextSpacing()
android.support.v4.view.PagerTitleStrip: void setNonPrimaryAlpha(float)
android.support.v4.view.PagerTitleStrip: void setTextColor(int)
android.support.v4.view.PagerTitleStrip: void setGravity(int)
android.support.v4.view.PagerTitleStrip: int getMinHeight()
android.support.v4.view.ViewPager
android.support.v4.view.ViewPager: ViewPager(android.content.Context)
android.support.v4.view.ViewPager: ViewPager(android.content.Context,android.util.AttributeSet)
android.support.v4.view.ViewPager: void setScrollState(int)
android.support.v4.view.ViewPager: void setAdapter(android.support.v4.view.PagerAdapter)
android.support.v4.view.ViewPager: android.support.v4.view.PagerAdapter getAdapter()
android.support.v4.view.ViewPager: void setOnAdapterChangeListener(android.support.v4.view.ViewPager$OnAdapterChangeListener)
android.support.v4.view.ViewPager: int getClientWidth()
android.support.v4.view.ViewPager: void setCurrentItem(int)
android.support.v4.view.ViewPager: int getCurrentItem()
android.support.v4.view.ViewPager: void setOnPageChangeListener(android.support.v4.view.ViewPager$OnPageChangeListener)
android.support.v4.view.ViewPager: void setChildrenDrawingOrderEnabledCompat(boolean)
android.support.v4.view.ViewPager: int getOffscreenPageLimit()
android.support.v4.view.ViewPager: void setOffscreenPageLimit(int)
android.support.v4.view.ViewPager: void setPageMargin(int)
android.support.v4.view.ViewPager: int getPageMargin()
android.support.v4.view.ViewPager: void setPageMarginDrawable(android.graphics.drawable.Drawable)
android.support.v4.view.ViewPager: void setPageMarginDrawable(int)
android.support.v4.view.ViewPager: void setScrollingCacheEnabled(boolean)
android.support.v4.view.ViewPager$LayoutParams
android.support.v4.view.ViewPager$LayoutParams: ViewPager$LayoutParams(android.content.Context,android.util.AttributeSet)
android.support.v4.view.ViewPager$SavedState
android.support.v4.view.ViewPager$SavedState: android.os.Parcelable$Creator CREATOR
android.support.v4.widget.DrawerLayout
android.support.v4.widget.DrawerLayout: DrawerLayout(android.content.Context,android.util.AttributeSet)
android.support.v4.widget.DrawerLayout: DrawerLayout(android.content.Context,android.util.AttributeSet,int)
android.support.v4.widget.DrawerLayout: void setScrimColor(int)
android.support.v4.widget.DrawerLayout: void setDrawerListener(android.support.v4.widget.DrawerLayout$DrawerListener)
android.support.v4.widget.DrawerLayout: void setDrawerLockMode(int)