proguard/mapping.txt
com.orong.Constant -> com.orong.a:
    java.lang.Long MAXFIESZISE -> a
com.orong.OrongApplication -> com.orong.OrongApplication:
    com.orong.OrongApplication instance -> a
    java.util.ArrayList activitystack -> e
    com.orong.utils.ThreadPoolService service -> b
    com.orong.entity.UserInfo user -> c
    org.apache.http.client.CookieStore cookieStore -> d
    void onCreate() -> onCreate
    void onTerminate() -> onTerminate
    void addActivity2Stack(android.app.Activity) -> a
    void removeActivityFromStack(android.app.Activity) -> b
    void setBoldText(android.widget.TextView) -> a
    android.content.SharedPreferences getOrSharedPrefences(android.content.Context) -> a
    void showResultToast(int,android.content.Context) -> a
    java.util.ArrayList access$0() -> a
com.orong.OrongApplication$1 -> com.orong.b:
    void buttonRightRespond() -> a
    void buttonLeftRespond() -> b
com.orong.activity.AboutActivity -> com.orong.activity.AboutActivity:
    void onCreate(android.os.Bundle) -> onCreate
com.orong.activity.ApplyForDeputyActivity -> com.orong.activity.ApplyForDeputyActivity:
    android.widget.EditText etApplyInfo -> c
    android.widget.Button btApply -> d
    void onCreate(android.os.Bundle) -> onCreate
    void onClick(android.view.View) -> onClick
    android.widget.Button access$0(com.orong.activity.ApplyForDeputyActivity) -> a
com.orong.activity.ApplyForDeputyActivity$1 -> com.orong.activity.a:
    com.orong.activity.ApplyForDeputyActivity this$0 -> a
    int excueHttpResponse(java.lang.String) -> a
    void beforeTask() -> a
    void afterTask(int) -> a
com.orong.activity.BaseActivity -> com.orong.activity.BaseActivity:
    android.widget.ImageView ivReback -> a
    android.widget.TextView tvTitle -> b
    void onCreate(android.os.Bundle) -> onCreate
    void initView() -> a
    void onDestroy() -> onDestroy
    void onClick(android.view.View) -> onClick
    void setTitle(android.app.Activity,java.lang.String) -> a
    void setTitle(android.app.Activity,int) -> a
    void initivReabck(android.app.Activity) -> a
    void doReback() -> b
    void setBoldText(android.widget.TextView) -> a
    void showResulttoast(int,android.content.Context) -> a
    android.content.SharedPreferences getOrSharedPrefences(android.content.Context) -> a
com.orong.activity.BaseFragmentActivity -> com.orong.activity.BaseFragmentActivity:
    void onCreate(android.os.Bundle) -> onCreate
    void onDestroy() -> onDestroy
com.orong.activity.BaseRecommendActivity -> com.orong.activity.BaseRecommendActivity:
    android.widget.ImageView ivOptionMenu -> c
    android.widget.TextView tvHasRecommendedNum -> d
    android.widget.TextView tvHasGotBrokerage -> e
    android.widget.TextView tvWillHaveGotBrokerage -> f
    android.widget.RelativeLayout rlRecommendedRules -> g
    android.widget.TextView tvRecommendedRules -> h
    android.widget.Button btRecommend -> i
    com.orong.view.MoreOptionPopupWindow popupWindow -> j
    void initView(android.app.Activity) -> b
    void setTextOfTvHasRecommendedNum(java.lang.String,int) -> a
    void setTextOfTvHasGotBrokerage(double) -> a
    void setTextOfTvWillHaveGotBrokerage(double) -> b
    void setTextOfBtRecommend(java.lang.String) -> a
    void showPopupWindow(android.app.Activity) -> c
com.orong.activity.BaseRecommendActivity$1 -> com.orong.activity.b:
    com.orong.activity.BaseRecommendActivity this$0 -> a
    android.app.Activity val$activity -> b
    void clickRecProject() -> a
    void clickRecMember() -> b
    void clickDeputy() -> c
com.orong.activity.BecomeDeputyActivity -> com.orong.activity.BecomeDeputyActivity:
    void onCreate(android.os.Bundle) -> onCreate
    void onClick(android.view.View) -> onClick
    void LoadCommission() -> c
...
android.support.v4.app.FragmentActivity$FragmentTag -> android.support.v4.app.j:
    int[] Fragment -> a
android.support.v4.app.FragmentActivity$NonConfigurationInstances -> android.support.v4.app.k:
    java.lang.Object activity -> a
    java.lang.Object custom -> b
    java.util.HashMap children -> c
    java.util.ArrayList fragments -> d
    java.util.HashMap loaders -> e
android.support.v4.app.FragmentContainer -> android.support.v4.app.l:
    android.view.View findViewById(int) -> a
android.support.v4.app.FragmentManager -> android.support.v4.app.m:
    android.support.v4.app.FragmentTransaction beginTransaction() -> a
    boolean executePendingTransactions() -> b
    android.support.v4.app.Fragment findFragmentByTag(java.lang.String) -> a
android.support.v4.app.FragmentManager$OnBackStackChangedListener -> android.support.v4.app.n:
    void onBackStackChanged() -> a
android.support.v4.app.FragmentManagerImpl -> android.support.v4.app.o:
    boolean DEBUG -> a
    boolean HONEYCOMB -> b
    java.util.ArrayList mPendingActions -> c
    java.lang.Runnable[] mTmpActions -> d
    boolean mExecutingActions -> e
    java.util.ArrayList mActive -> f
    java.util.ArrayList mAdded -> g
    java.util.ArrayList mAvailIndices -> h
    java.util.ArrayList mBackStack -> i
    java.util.ArrayList mCreatedMenus -> j
    java.util.ArrayList mBackStackIndices -> k
    java.util.ArrayList mAvailBackStackIndices -> l
    java.util.ArrayList mBackStackChangeListeners -> m
    int mCurState -> n
    android.support.v4.app.FragmentActivity mActivity -> o
    android.support.v4.app.FragmentContainer mContainer -> p
    android.support.v4.app.Fragment mParent -> q
    boolean mNeedMenuInvalidate -> r
    boolean mStateSaved -> s
    boolean mDestroyed -> t
    java.lang.String mNoTransactionsBecause -> u
    boolean mHavePendingDeferredStart -> v
    android.os.Bundle mStateBundle -> w
    android.util.SparseArray mStateArray -> x
    java.lang.Runnable mExecCommit -> y
    android.view.animation.Interpolator DECELERATE_QUINT -> z
    android.view.animation.Interpolator DECELERATE_CUBIC -> A
    android.view.animation.Interpolator ACCELERATE_QUINT -> B
    android.view.animation.Interpolator ACCELERATE_CUBIC -> C
    void throwException(java.lang.RuntimeException) -> a
android.support.v4.app.FragmentManagerImpl$1 -> android.support.v4.app.p:
    android.support.v4.app.FragmentManagerImpl this$0 -> a
    void run() -> run
android.support.v4.app.FragmentManagerImpl$5 -> android.support.v4.app.q:
    android.support.v4.app.Fragment val$fragment -> a
    android.support.v4.app.FragmentManagerImpl this$0 -> b
    void onAnimationEnd(android.view.animation.Animation) -> onAnimationEnd
    void onAnimationRepeat(android.view.animation.Animation) -> onAnimationRepeat
    void onAnimationStart(android.view.animation.Animation) -> onAnimationStart
android.support.v4.app.FragmentManagerState -> android.support.v4.app.FragmentManagerState:
    android.support.v4.app.FragmentState[] mActive -> a
    int[] mAdded -> b
    android.support.v4.app.BackStackState[] mBackStack -> c
    android.os.Parcelable$Creator CREATOR -> CREATOR
    int describeContents() -> describeContents
    void writeToParcel(android.os.Parcel,int) -> writeToParcel
android.support.v4.app.FragmentManagerState$1 -> android.support.v4.app.r:
    android.support.v4.app.FragmentManagerState createFromParcel(android.os.Parcel) -> a
    android.support.v4.app.FragmentManagerState[] newArray(int) -> a
    java.lang.Object[] newArray(int) -> newArray
    java.lang.Object createFromParcel(android.os.Parcel) -> createFromParcel