proguard/usage.txt
com.orong.BuildConfig
com.orong.Constant:
    public static final int STATAS_OK
    public static final int NO_RESPONSE
    public static final int S_EXCEPTION
    public static final int RESPONESE_EXCEPTION
    public static final int TIMEOUT
    public static final int NO_NETWORK
    public static final int NULLPARAMEXCEPTION
    public static final int RESPONSE_OK
    public static final int RELOGIN
    public static final int SERVER_EXCEPTION
    public static final int NULLPARAM
    public static final int LOSEPARAM
    public static final java.lang.String SAVAVERSIONCODE
    public static final java.lang.String HOST
    public static final java.lang.String USERAPI
    public static final java.lang.String PROJECTAPI
    public static final java.lang.String LOANAPI
    public static final java.lang.String DOWNLOADURL
    public static final java.lang.String ROOT
    public static final java.lang.String USERICFODER
    public static final java.lang.String PROJECTIMG
    public static final java.lang.String ORPREFERENCES
    public static final java.lang.String ISSAVEPW
    public static final java.lang.String USERNAME
    public static final java.lang.String PASSWORD
    public static final java.lang.String USERICONPATH
    public static final java.lang.String ENCODEPASSWORD
    public static final int PAGESIZE
    public static final int MAXFIESNUM
    public static final int DELFIESNUM
    11:11:public Constant()
com.orong.OrongApplication:
    82:82:public static com.orong.OrongApplication getInstance()
com.orong.R
com.orong.R$attr
com.orong.R$color
com.orong.R$dimen
com.orong.R$drawable
com.orong.R$id
com.orong.R$layout
com.orong.R$menu
com.orong.R$raw
com.orong.R$string
com.orong.R$style
com.orong.activity.BaseFragmentActivity:
    43:45:public static void setBoldText(android.widget.TextView)
com.orong.activity.LoginActivity:
    private com.orong.view.CustomDialog newVersionDialog
    51:51:static synthetic java.lang.String access$0(com.orong.activity.LoginActivity)
com.orong.activity.LoginActivity$UsernameTextWatcher
com.orong.activity.MainActivity:
    225:225:public android.widget.RadioButton getRbShooting()
com.orong.activity.RegisterActivity:
    private static final int TIMECHANGE
    private static final int TIMERCOMPLETE
com.orong.activity.UserNewSListActivity:
    238:300:private void loadNew_AddOldMessage(int,int)
    48:48:static synthetic int access$5(com.orong.activity.UserNewSListActivity)
    51:51:static synthetic int access$6()
    51:51:static synthetic void access$7(int)
com.orong.activity.UserNewSListActivity$3
com.orong.adapter.ContractInfoAdapter
com.orong.adapter.UserNewsListAdapter:
    77:77:public java.util.List getNewsList()
com.orong.db.DBConstants
com.orong.db.DBConstants$Message
com.orong.db.DBOpenHelper:
    public static final java.lang.String DATABASE_NAME
    public static final int DATABASE_VERSION
com.orong.db.MessageDao:
    90:108:public java.util.ArrayList getMessages(int,int)
com.orong.entity.Commission:
    24:25:public void setCount(int)
    32:33:public void setEarned(double)
    40:41:public void setWithout(double)
    49:53:public Commission(int,double,double)
com.orong.entity.Contract:
    private java.lang.String signDate
    32:39:public Contract(java.lang.String,java.lang.String,java.lang.String,java.lang.String,java.util.Date,java.lang.String)
    46:47:public void setName(java.lang.String)
    50:50:public java.lang.String getSignDate()
    54:55:public void setSignDate(java.lang.String)
    62:63:public void setLoanPer(java.lang.String)
    70:71:public void setLender(java.lang.String)
    74:74:public java.util.Date getInsertDate()
    78:79:public void setInsertDate(java.util.Date)
    86:87:public void setAssureWay(java.lang.String)
...
android.support.v4.net.ConnectivityManagerCompat$GingerbreadConnectivityManagerCompatImpl
android.support.v4.net.ConnectivityManagerCompat$HoneycombMR2ConnectivityManagerCompatImpl
android.support.v4.net.ConnectivityManagerCompat$JellyBeanConnectivityManagerCompatImpl
android.support.v4.net.ConnectivityManagerCompatGingerbread
android.support.v4.net.ConnectivityManagerCompatHoneycombMR2
android.support.v4.net.ConnectivityManagerCompatJellyBean
android.support.v4.net.TrafficStatsCompat
android.support.v4.net.TrafficStatsCompat$1
android.support.v4.net.TrafficStatsCompat$BaseTrafficStatsCompatImpl
android.support.v4.net.TrafficStatsCompat$BaseTrafficStatsCompatImpl$1
android.support.v4.net.TrafficStatsCompat$BaseTrafficStatsCompatImpl$SocketTags
android.support.v4.net.TrafficStatsCompat$IcsTrafficStatsCompatImpl
android.support.v4.net.TrafficStatsCompat$TrafficStatsCompatImpl
android.support.v4.net.TrafficStatsCompatIcs
android.support.v4.os.ParcelableCompat:
    26:42:public ParcelableCompat()
android.support.v4.os.ParcelableCompatCreatorHoneycombMR2Stub:
    22:22:ParcelableCompatCreatorHoneycombMR2Stub()
android.support.v4.util.AtomicFile
android.support.v4.util.DebugUtils:
    25:25:public DebugUtils()
android.support.v4.util.LongSparseArray
android.support.v4.util.LruCache
android.support.v4.util.SparseArrayCompat:
    52:52:public java.lang.Object get(int)
    60:65:public java.lang.Object get(int,java.lang.Object)
    73:81:public void delete(int)
    87:88:public void remove(int)
    94:98:public void removeAt(int)
    107:111:public void removeAtRange(int,int)
    146:190:public void put(int,java.lang.Object)
    236:241:public void setValueAt(int,java.lang.Object)
    249:253:public int indexOfKey(int)
    265:273:public int indexOfValue(java.lang.Object)
    296:323:public void append(int,java.lang.Object)
    326:342:private static int binarySearch(int[],int,int,int)
android.support.v4.util.TimeUtils
android.support.v4.view.AccessibilityDelegateCompatIcs:
    28:30:AccessibilityDelegateCompatIcs()
android.support.v4.view.AccessibilityDelegateCompatJellyBean:
    30:32:AccessibilityDelegateCompatJellyBean()
android.support.v4.view.GestureDetectorCompat
android.support.v4.view.GestureDetectorCompat$GestureDetectorCompatImpl
android.support.v4.view.GestureDetectorCompat$GestureDetectorCompatImplBase
android.support.v4.view.GestureDetectorCompat$GestureDetectorCompatImplBase$GestureHandler
android.support.v4.view.GestureDetectorCompat$GestureDetectorCompatImplJellybeanMr2
android.support.v4.view.GravityCompat:
    public static final int RELATIVE_LAYOUT_DIRECTION
    public static final int START
    public static final int END
    public static final int RELATIVE_HORIZONTAL_GRAVITY_MASK
    27:62:public GravityCompat()
    132:133:public static void apply(int,int,int,android.graphics.Rect,android.graphics.Rect,int)
    162:163:public static void apply(int,int,int,android.graphics.Rect,int,int,android.graphics.Rect,int)
    186:187:public static void applyDisplay(int,android.graphics.Rect,android.graphics.Rect,int)
android.support.v4.view.GravityCompat$GravityCompatImpl:
    public abstract void apply(int,int,int,android.graphics.Rect,android.graphics.Rect,int)
    public abstract void apply(int,int,int,android.graphics.Rect,int,int,android.graphics.Rect,int)
    public abstract void applyDisplay(int,android.graphics.Rect,android.graphics.Rect,int)
android.support.v4.view.GravityCompat$GravityCompatImplBase:
    46:47:public void apply(int,int,int,android.graphics.Rect,android.graphics.Rect,int)
    52:53:public void apply(int,int,int,android.graphics.Rect,int,int,android.graphics.Rect,int)
    58:59:public void applyDisplay(int,android.graphics.Rect,android.graphics.Rect,int)